INFO:numexpr.utils:NumExpr defaulting to 8 threads.
DEBUG:graphviz._tools:deprecate positional args: graphviz.backend.piping.pipe(['renderer', 'formatter', 'neato_no_op', 'quiet'])
DEBUG:graphviz._tools:deprecate positional args: graphviz.backend.rendering.render(['renderer', 'formatter', 'neato_no_op', 'quiet'])
DEBUG:graphviz._tools:deprecate positional args: graphviz.backend.unflattening.unflatten(['stagger', 'fanout', 'chain', 'encoding'])
DEBUG:graphviz._tools:deprecate positional args: graphviz.backend.viewing.view(['quiet'])
DEBUG:graphviz._tools:deprecate positional args: graphviz.quoting.quote(['is_html_string', 'is_valid_id', 'dot_keywords', 'endswith_odd_number_of_backslashes', 'escape_unescaped_quotes'])
DEBUG:graphviz._tools:deprecate positional args: graphviz.quoting.a_list(['kwargs', 'attributes'])
DEBUG:graphviz._tools:deprecate positional args: graphviz.quoting.attr_list(['kwargs', 'attributes'])
DEBUG:graphviz._tools:deprecate positional args: graphviz.dot.Dot.clear(['keep_attrs'])
DEBUG:graphviz._tools:deprecate positional args: graphviz.dot.Dot.__iter__(['subgraph'])
DEBUG:graphviz._tools:deprecate positional args: graphviz.dot.Dot.node(['_attributes'])
DEBUG:graphviz._tools:deprecate positional args: graphviz.dot.Dot.edge(['_attributes'])
DEBUG:graphviz._tools:deprecate positional args: graphviz.dot.Dot.attr(['_attributes'])
DEBUG:graphviz._tools:deprecate positional args: graphviz.dot.Dot.subgraph(['name', 'comment', 'graph_attr', 'node_attr', 'edge_attr', 'body'])
DEBUG:graphviz._tools:deprecate positional args: graphviz.piping.Pipe._pipe_legacy(['renderer', 'formatter', 'neato_no_op', 'quiet'])
DEBUG:graphviz._tools:deprecate positional args: graphviz.saving.Save.save(['directory'])
DEBUG:graphviz._tools:deprecate positional args: graphviz.rendering.Render.render(['directory', 'view', 'cleanup', 'format', 'renderer', 'formatter', 'neato_no_op', 'quiet', 'quiet_view'])
DEBUG:graphviz._tools:deprecate positional args: graphviz.rendering.Render.view(['directory', 'cleanup', 'quiet', 'quiet_view'])
DEBUG:graphviz._tools:deprecate positional args: graphviz.unflattening.Unflatten.unflatten(['stagger', 'fanout', 'chain'])
DEBUG:graphviz._tools:deprecate positional args: graphviz.graphs.BaseGraph.__init__(['comment', 'filename', 'directory', 'format', 'engine', 'encoding', 'graph_attr', 'node_attr', 'edge_attr', 'body', 'strict'])
DEBUG:graphviz._tools:deprecate positional args: graphviz.sources.Source.from_file(['directory', 'format', 'engine', 'encoding', 'renderer', 'formatter'])
DEBUG:graphviz._tools:deprecate positional args: graphviz.sources.Source.__init__(['filename', 'directory', 'format', 'engine', 'encoding'])
DEBUG:graphviz._tools:deprecate positional args: graphviz.sources.Source.save(['directory'])
INFO:werkzeug:[31m[1mWARNING: This is a development server. Do not use it in a production deployment. Use a production WSGI server instead.[0m
 * Running on http://127.0.0.1:5000
INFO:werkzeug:[33mPress CTRL+C to quit[0m
